//# Copyright (c) 1997-2013 Oracle Corporation, All rights reserved
//# VERSION 1
//# BEGIN SESSION  ChangeLogTimeStamp:2016-08-09 13:30:16.085
//# SAVED : 2016-08-09 13:30:17.102
//# END SESSION  ChangeLogTimeStamp:2016-08-09 14:20:26.114
//# BEGIN SESSION  ChangeLogTimeStamp:2016-08-09 14:21:37.239
//# SAVED : 2016-08-09 14:21:39.902
//# SAVED : 2016-08-09 15:16:20.981
//# SAVED : 2016-08-09 15:18:52.926
//# BEGIN TRANSACTION  ChangeLogTimeStamp:2016-08-09 15:23:16.259
DELETE 4206:63888;
DELETE 4206:63889;
DELETE 4206:63890;
DECLARE CONNECTION POOL "FGICBI"."init_blocks_cp" AS "init_blocks_cp" UPGRADE ID '2838c051-0d2c-1000-8029-c00a0a240000' USING 3029:8067
	DATA SOURCE  {(DESCRIPTION=(ADDRESS=(PROTOCOL=TCP)(HOST=192.10.10.15)(PORT=1521))(CONNECT_DATA=(SID=FGICBI)))} 
	TIME OUT 300
	MAX CONNECTIONS 10
	TYPE 'Default' 
	USER 'biadmin' 
	AES_PASSWORD 'D9542B4B53CE13F3E0306C7B16E0F94CAC2CC3E5A6E1E81C812CE09C4CC799F12119ACCAC01FCF0F9D0228F9FBE47F2C A017E4A543129EE9D3389AEED3651BCEFE8497B64B59E6B511B310A0AB460582'
	SHARED LOGIN
	CLOSE AFTER QUERY
	CONNECTIONS TO SAME URI 10
	OUTPUT TYPE XML
	BULK INSERT BUFFER SIZE 131072 TRANSACTION BOUNDARY 1000
	TEMP TABLE PREFIX {TT}  OWNER {} 
	PRIVILEGES ( READ);
DECLARE CONNECTION POOL "FGICBI"."Connection Pool" AS "Connection Pool" UPGRADE ID 'a5432551-0d17-1000-806e-c00a0a240000' USING 3029:6
	DATA SOURCE  {(DESCRIPTION=(ADDRESS=(PROTOCOL=TCP)(HOST=192.10.10.15)(PORT=1521))(CONNECT_DATA=(SID=FGICBI)))} 
	TIME OUT 300
	MAX CONNECTIONS 10
	TYPE 'Default' 
	USER 'BIADMIN' 
	AES_PASSWORD 'D9542B4B53CE13F3E0306C7B16E0F94CAC2CC3E5A6E1E81C812CE09C4CC799F12119ACCAC01FCF0F9D0228F9FBE47F2C A017E4A543129EE9D3389AEED3651BCEFE8497B64B59E6B511B310A0AB460582'
	SHARED LOGIN
	CONNECTIONS TO SAME URI 10
	OUTPUT TYPE XML
	BULK INSERT BUFFER SIZE 131072 TRANSACTION BOUNDARY 1000
	TEMP TABLE PREFIX {TT}  OWNER {} 
	PRIVILEGES ( READ);
DECLARE RP VARIABLE "Current Year"."CurrYear" AS "CurrYear" UPGRADE ID 'aedfdc50-0d19-1000-98be-c00a0a290000' USING 3031:1569 EXPRESSION {2016.0d}  INIT BLOCK "Current Year" USING 3033:1568
	PRIVILEGES ( READ);
DELETE 4206:63885;
DELETE 4206:63886;
DELETE 4206:63887;

//# END TRANSACTION  ChangeLogTimeStamp:2016-08-09 15:23:16.259

//# SAVED : 2016-08-09 15:24:53.196
//# SAVED : 2016-08-09 15:35:54.693
//# END SESSION  ChangeLogTimeStamp:2016-08-09 16:52:30.919
//# BEGIN SESSION  ChangeLogTimeStamp:2016-08-09 16:53:17.993
//# SAVED : 2016-08-09 16:53:19.188
//# END SESSION  ChangeLogTimeStamp:2016-08-09 17:03:33.305
//# BEGIN SESSION  ChangeLogTimeStamp:2016-08-09 17:04:20.376
//# END SESSION  ChangeLogTimeStamp:2016-08-09 17:24:47.328
//# BEGIN SESSION  ChangeLogTimeStamp:2016-08-09 17:25:38.267
//# END SESSION  ChangeLogTimeStamp:2016-08-09 17:39:53.606
//# BEGIN SESSION  ChangeLogTimeStamp:2016-08-09 17:40:38.123
//# BEGIN SESSION  ChangeLogTimeStamp:2016-08-10 10:25:24.759
//# SAVED : 2016-08-10 11:17:42.352
//# END SESSION  ChangeLogTimeStamp:2016-08-10 11:30:27.223
//# BEGIN SESSION  ChangeLogTimeStamp:2016-08-10 11:31:40.845
//# END SESSION  ChangeLogTimeStamp:2016-08-10 11:35:40.387
//# BEGIN SESSION  ChangeLogTimeStamp:2016-08-10 11:41:40.597
//# SAVED : 2016-08-10 14:16:48.445
//# END SESSION  ChangeLogTimeStamp:2016-08-10 17:40:37.521
//# BEGIN SESSION  ChangeLogTimeStamp:2016-08-10 17:41:05.055
//# BEGIN SESSION  ChangeLogTimeStamp:2016-08-11 09:20:22.482
//# BEGIN SESSION  ChangeLogTimeStamp:2016-08-11 09:20:38.650
//# END SESSION  ChangeLogTimeStamp:2016-08-11 11:28:21.603
//# BEGIN SESSION  ChangeLogTimeStamp:2016-08-11 11:30:15.732
//# END SESSION  ChangeLogTimeStamp:2016-08-11 17:47:20.856
//# BEGIN SESSION  ChangeLogTimeStamp:2016-08-15 09:25:41.930
//# END SESSION  ChangeLogTimeStamp:2016-08-15 10:07:59.268
//# BEGIN SESSION  ChangeLogTimeStamp:2016-08-15 10:09:03.035
//# END SESSION  ChangeLogTimeStamp:2016-08-15 10:53:18.219
